producer_class	xtools.gsea.GseaPreranked
producer_timestamp	1712263512608
param	rpt_label	a3_analysis
param	rnd_seed	timestamp
param	set_min	15
param	zip_report	false
param	create_svgs	false
param	scoring_scheme	weighted
param	rnk	W:\GitHub\Anna_Lai\ranked.rnk
param	norm	meandiv
param	out	C:\Users\annat\gsea_home\output\apr04
param	mode	Abs_max_of_probes
param	include_only_symbols	true
param	help	false
param	set_max	500
param	gmx	W:\GitHub\Anna_Lai\Human_GOBP_AllPathways_noPFOCR_no_GO_iea_March_01_2024_symbol.gmt
param	make_sets	true
param	plot_top_x	20
param	gui	false
param	nperm	1000
param	collapse	No_Collapse

file	C:\Users\annat\gsea_home\output\apr04\a3_analysis.GseaPreranked.1712263512608\index.html
